<?xml version="1.0" encoding="UTF-8"?>
<!-- Generated by org.testng.reporters.JUnitReportReporter -->
<testsuite skipped="1" hostname="DESKTOP-0C0LDGM" name="TestCases.TC_003_LoginDDT" tests="1" failures="0" timestamp="03 Feb 2023 05:54:07 GMT" time="0.000" errors="0">
  <testcase name="test_loginDDT" time="0.000" classname="TestCases.TC_003_LoginDDT">
    <skipped/>
  </testcase> <!-- test_loginDDT -->
</testsuite> <!-- TestCases.TC_003_LoginDDT -->
