<?xml version="1.0" encoding="UTF-8"?>
<!-- Generated by org.testng.reporters.JUnitReportReporter -->
<testsuite skipped="0" hostname="DESKTOP-0C0LDGM" name="TestCases.TC_002_automation_Test" tests="1" failures="0" timestamp="03 Feb 2023 03:40:06 GMT" time="3.439" errors="0">
  <testcase name="test_login" time="3.439" classname="TestCases.TC_002_automation_Test"/>
</testsuite> <!-- TestCases.TC_002_automation_Test -->
